  PluginProcessor.cpp
  PluginEditor.cpp
  include_juce_audio_basics.cpp
  include_juce_audio_devices.cpp
  include_juce_audio_formats.cpp
  include_juce_audio_plugin_client_ARA.cpp
  include_juce_audio_processors_ara.cpp
  include_juce_audio_processors_lv2_libs.cpp
  include_juce_audio_utils.cpp
  include_juce_core_CompilationTime.cpp
  include_juce_data_structures.cpp
  include_juce_dsp.cpp
  include_juce_events.cpp
  include_juce_graphics_Harfbuzz.cpp
  include_juce_gui_extra.cpp
C:\Users\Dhruv\Documents\GitHub\Delay-Plugin\Delay\Source\PluginProcessor.cpp(80,50): warning C4100: 'index': unreferenced formal parameter
C:\Users\Dhruv\Documents\GitHub\Delay-Plugin\Delay\Source\PluginProcessor.cpp(84,61): warning C4100: 'index': unreferenced formal parameter
C:\Users\Dhruv\Documents\GitHub\Delay-Plugin\Delay\Source\PluginProcessor.cpp(89,77): warning C4100: 'newName': unreferenced formal parameter
C:\Users\Dhruv\Documents\GitHub\Delay-Plugin\Delay\Source\PluginProcessor.cpp(89,50): warning C4100: 'index': unreferenced formal parameter
C:\Users\Dhruv\Documents\GitHub\Delay-Plugin\Delay\Source\PluginProcessor.cpp(94,65): warning C4100: 'samplesPerBlock': unreferenced formal parameter
C:\Users\Dhruv\Documents\GitHub\Delay-Plugin\Delay\Source\PluginProcessor.cpp(94,49): warning C4100: 'sampleRate': unreferenced formal parameter
C:\Users\Dhruv\Documents\GitHub\Delay-Plugin\Delay\Source\PluginProcessor.cpp(132,93): warning C4100: 'midiMessages': unreferenced formal parameter
C:\Users\Dhruv\Documents\GitHub\Delay-Plugin\Delay\Source\PluginProcessor.cpp(155,15): warning C4189: 'channelData': local variable is initialized but not referenced
C:\Users\Dhruv\Documents\GitHub\Delay-Plugin\Delay\Source\PluginProcessor.cpp(173,67): warning C4100: 'destData': unreferenced formal parameter
C:\Users\Dhruv\Documents\GitHub\Delay-Plugin\Delay\Source\PluginProcessor.cpp(180,70): warning C4100: 'sizeInBytes': unreferenced formal parameter
C:\Users\Dhruv\Documents\GitHub\Delay-Plugin\Delay\Source\PluginProcessor.cpp(180,60): warning C4100: 'data': unreferenced formal parameter
  include_juce_audio_processors.cpp
  include_juce_core.cpp
  include_juce_graphics.cpp
  include_juce_gui_basics.cpp
  Delay_SharedCode.vcxproj -> C:\Users\Dhruv\Documents\GitHub\Delay-Plugin\Delay\Builds\VisualStudio2022\x64\Debug\Shared Code\Delay.lib
